feb. 06, 2021 12:31:46 A. M. main.ui.Application exit
INFO: Application exit.
feb. 06, 2021 12:38:56 A. M. main.ui.Application main
INFO: Aplication started
feb. 06, 2021 12:38:58 A. M. main.ui.Application exit
INFO: Application exit.
feb. 06, 2021 12:57:02 A. M. main.ui.Application main
INFO: Aplication started
feb. 06, 2021 12:57:11 A. M. main.ui.Application exit
INFO: Application exit.
feb. 06, 2021 1:05:34 A. M. main.ui.Application main
INFO: Aplication started
feb. 06, 2021 1:05:42 A. M. main.ui.Application exit
INFO: Application exit.
feb. 06, 2021 1:28:56 A. M. main.ui.Application main
INFO: Aplication started
feb. 06, 2021 2:31:26 A. M. main.ui.Application exit
INFO: Application exit.
feb. 06, 2021 2:36:17 A. M. main.ui.Application main
INFO: Aplication started
feb. 06, 2021 2:36:21 A. M. main.ui.Application exit
INFO: Application exit.
feb. 06, 2021 2:37:10 A. M. main.ui.Application main
INFO: Aplication started
feb. 06, 2021 2:37:18 A. M. main.ui.Application exit
INFO: Application exit.
feb. 06, 2021 2:42:06 A. M. main.ui.Application exit
INFO: Application exit.
feb. 06, 2021 2:47:17 A. M. main.ui.Application exit
INFO: Application exit.
feb. 06, 2021 2:53:42 A. M. main.ui.Application main
INFO: Aplication started
feb. 06, 2021 2:53:48 A. M. main.ui.Application exit
INFO: Application exit.
feb. 06, 2021 3:02:25 A. M. main.ui.Application main
INFO: Aplication started
feb. 06, 2021 3:02:44 A. M. main.ui.Application exit
INFO: Application exit.
feb. 06, 2021 3:12:24 A. M. main.ui.Application main
INFO: Aplication started
feb. 06, 2021 3:12:53 A. M. main.ui.Application exit
INFO: Application exit.
feb. 06, 2021 12:16:03 P. M. main.ui.Application main
INFO: Aplication started
feb. 06, 2021 12:16:14 P. M. main.ui.Application exit
INFO: Application exit.
feb. 06, 2021 12:29:49 P. M. main.ui.Application main
INFO: Aplication started
feb. 06, 2021 12:32:43 P. M. main.ui.Application$10 actionPerformed
INFO: Language changed to US
feb. 06, 2021 12:32:46 P. M. main.ui.Application$9 actionPerformed
INFO: Language changed to ES
feb. 06, 2021 12:32:52 P. M. main.ui.Application exit
INFO: Application exit.
feb. 06, 2021 12:34:21 P. M. main.ui.Application main
INFO: Aplication started
feb. 06, 2021 12:35:04 P. M. main.ui.Application exit
INFO: Application exit.
feb. 06, 2021 12:42:13 P. M. main.ui.Application main
INFO: Aplication started
feb. 06, 2021 12:45:00 P. M. main.ui.Application exit
INFO: Application exit.
feb. 06, 2021 12:46:55 P. M. main.ui.Application main
INFO: Aplication started
feb. 06, 2021 12:47:02 P. M. main.ui.Application exit
INFO: Application exit.
feb. 06, 2021 12:56:05 P. M. main.ui.Application main
INFO: Aplication started
feb. 06, 2021 12:56:17 P. M. main.ui.Application exit
INFO: Application exit.
feb. 06, 2021 1:11:37 P. M. main.ui.Application main
INFO: Aplication started
feb. 06, 2021 1:12:16 P. M. main.ui.Application exit
INFO: Application exit.
feb. 06, 2021 1:12:44 P. M. main.ui.Application main
INFO: Aplication started
feb. 06, 2021 1:18:59 P. M. main.ui.Application main
INFO: Aplication started
feb. 06, 2021 1:19:56 P. M. main.ui.Application exit
INFO: Application exit.
feb. 06, 2021 1:19:59 P. M. main.ui.Application main
INFO: Aplication started
feb. 06, 2021 1:21:16 P. M. main.ui.Application main
INFO: Aplication started
feb. 06, 2021 1:21:57 P. M. main.ui.Application exit
INFO: Application exit.
feb. 06, 2021 1:36:53 P. M. main.ui.Application main
INFO: Aplication started
feb. 06, 2021 1:37:34 P. M. main.ui.Application exit
INFO: Application exit.
feb. 06, 2021 1:37:48 P. M. main.ui.Application main
INFO: Aplication started
feb. 06, 2021 1:39:40 P. M. main.ui.Application exit
INFO: Application exit.
feb. 06, 2021 1:41:43 P. M. main.ui.Application main
INFO: Aplication started
feb. 06, 2021 1:41:51 P. M. main.ui.Application exit
INFO: Application exit.
feb. 06, 2021 1:50:10 P. M. main.ui.Application main
INFO: Aplication started
feb. 06, 2021 1:50:30 P. M. main.ui.Application exit
INFO: Application exit.
feb. 06, 2021 6:27:36 P. M. main.ui.Application main
INFO: Aplication started
feb. 06, 2021 6:28:33 P. M. main.ui.Application$10 actionPerformed
INFO: Language changed to US
feb. 06, 2021 6:28:52 P. M. main.ui.Application exit
INFO: Application exit.
feb. 06, 2021 6:41:00 P. M. main.ui.Application main
INFO: Aplication started
feb. 06, 2021 7:07:05 P. M. main.ui.Application main
INFO: Aplication started
feb. 06, 2021 7:25:55 P. M. main.ui.Application exit
INFO: Application exit.
feb. 06, 2021 7:34:34 P. M. main.ui.Application main
INFO: Aplication started
feb. 06, 2021 7:38:21 P. M. main.ui.Application main
INFO: Aplication started
feb. 06, 2021 7:44:02 P. M. main.ui.Application exit
INFO: Application exit.
feb. 06, 2021 7:44:07 P. M. main.ui.Application main
INFO: Aplication started
feb. 06, 2021 7:46:04 P. M. main.ui.Application exit
INFO: Application exit.
